build/app/intermediates/manifest_merge_blame_file/debug/manifest-merger-blame-debug-report.txt
1<?xml version="1.0" encoding="utf-8"?>
2<manifest xmlns:android="http://schemas.android.com/apk/res/android"
3    package="com.jhomlala.better_player_example"
4    android:versionCode="1"
5    android:versionName="1.0.0" >
6
7    <uses-sdk
8        android:minSdkVersion="16"
9        android:targetSdkVersion="28" />
10    <!--
11         Flutter needs it to communicate with the running application
12         to allow setting breakpoints, to provide hot reload, etc.
13    -->
14    <uses-permission android:name="android.permission.INTERNET" />
14-->src/main/AndroidManifest.xml:39:5-67
14-->src/main/AndroidManifest.xml:39:22-64
15    <uses-permission android:name="android.permission.FOREGROUND_SERVICE" />
15-->src/main/AndroidManifest.xml:38:5-77
15-->src/main/AndroidManifest.xml:38:22-74
16    <uses-permission android:name="android.permission.ACCESS_NETWORK_STATE" />
16-->[com.google.android.exoplayer:exoplayer-core:2.13.1] AndroidManifest.xml:24:5-79
16-->[com.google.android.exoplayer:exoplayer-core:2.13.1] AndroidManifest.xml:24:22-76
17    <!--
18 io.flutter.app.FlutterApplication is an android.app.Application that
19         calls FlutterMain.startInitialization(this); in its onCreate method.
20         In most cases you can leave this as-is, but you if you want to provide
21         additional functionality it is fine to subclass or reimplement
22         FlutterApplication and put your custom class here.
23    -->
24    <application
24-->src/main/AndroidManifest.xml:8:5-36:19
25        android:appComponentFactory="androidx.core.app.CoreComponentFactory"
25-->[androidx.core:core:1.3.0] AndroidManifest.xml:24:18-86
26        android:debuggable="true"
27        android:usesCleartextTraffic="true" >
27-->src/main/AndroidManifest.xml:8:18-53
28        android:name="io.flutter.app.FlutterApplication"
29        android:label="better_player_example"
30        android:icon="@mipmap/ic_launcher">
31        <activity
31-->src/main/AndroidManifest.xml:12:9-26:20
32            android:name="com.jhomlala.better_player_example.MainActivity"
32-->src/main/AndroidManifest.xml:13:13-41
33            android:configChanges="screenSize|smallestScreenSize|screenLayout|orientation"
33-->src/main/AndroidManifest.xml:14:13-108
34            android:hardwareAccelerated="true"
34-->src/main/AndroidManifest.xml:16:13-47
35            android:launchMode="singleTask"
35-->src/main/AndroidManifest.xml:17:13-44
36            android:resizeableActivity="true"
36-->src/main/AndroidManifest.xml:18:13-46
37            android:supportsPictureInPicture="true"
37-->src/main/AndroidManifest.xml:19:13-52
38            android:theme="@style/LaunchTheme"
38-->src/main/AndroidManifest.xml:20:13-47
39            android:windowSoftInputMode="adjustResize" >
39-->src/main/AndroidManifest.xml:21:13-55
40            <intent-filter>
40-->src/main/AndroidManifest.xml:22:13-25:29
41                <action android:name="android.intent.action.MAIN" />
41-->src/main/AndroidManifest.xml:23:17-69
41-->src/main/AndroidManifest.xml:23:25-66
42
43                <category android:name="android.intent.category.LAUNCHER" />
43-->src/main/AndroidManifest.xml:24:17-77
43-->src/main/AndroidManifest.xml:24:27-74
44            </intent-filter>
45        </activity>
46        <!--
47             Don't delete the meta-data below.
48             This is used by the Flutter tool to generate GeneratedPluginRegistrant.java
49        -->
50        <meta-data
50-->src/main/AndroidManifest.xml:29:9-31:33
51            android:name="flutterEmbedding"
51-->src/main/AndroidManifest.xml:30:13-44
52            android:value="2" />
52-->src/main/AndroidManifest.xml:31:13-30
53
54        <service
54-->src/main/AndroidManifest.xml:32:9-34:44
55            android:name="com.jhomlala.better_player_example.BetterPlayerService"
55-->src/main/AndroidManifest.xml:33:13-48
56            android:stopWithTask="false" />
56-->src/main/AndroidManifest.xml:34:13-41
57    </application>
58
59</manifest>